<?xml version="1.0" encoding="UTF-8"?>
<testsuite xmlns:xsi="http://www.w3.org/2001/XMLSchema-instance" xsi:schemaLocation="https://maven.apache.org/surefire/maven-surefire-plugin/xsd/surefire-test-report.xsd" name="org.hyperledger.fabric.sdk.security.CryptoPrimitivesTest" time="0.284" tests="53" errors="0" skipped="1" failures="0">
  <properties>
[...]
</properties>
  <testcase name="testSetHashAlgorithm" classname="org.hyperledger.fabric.sdk.security.CryptoPrimitivesTest" time="0.03"/>
  <testcase name="testCertificationRequestToPEM" classname="org.hyperledger.fabric.sdk.security.CryptoPrimitivesTest" time="0.007"/>
  <testcase name="testDefaultCrypto" classname="org.hyperledger.fabric.sdk.security.CryptoPrimitivesTest" time="0.001"/>
  <testcase name="testBytesToCertificateInvalidBytes" classname="org.hyperledger.fabric.sdk.security.CryptoPrimitivesTest" time="0.013"/>
  <testcase name="testAddCACertificateToTrustStoreNoCert" classname="org.hyperledger.fabric.sdk.security.CryptoPrimitivesTest" time="0.001"/>
  <testcase name="testAddCACertificateToTrustStoreNoFile" classname="org.hyperledger.fabric.sdk.security.CryptoPrimitivesTest" time="0.001"/>
  <testcase name="testValidateBadCertificateByteArray" classname="org.hyperledger.fabric.sdk.security.CryptoPrimitivesTest" time="0.032"/>
  <testcase name="testBytesToPrivateKeyInvalidBytes" classname="org.hyperledger.fabric.sdk.security.CryptoPrimitivesTest" time="0"/>
  <testcase name="testBytesToPrivateKeyNullBytes" classname="org.hyperledger.fabric.sdk.security.CryptoPrimitivesTest" time="0"/>
  <testcase name="testSetTrustStoreNull" classname="org.hyperledger.fabric.sdk.security.CryptoPrimitivesTest" time="0"/>
  <testcase name="testLoadCACertsBadInput" classname="org.hyperledger.fabric.sdk.security.CryptoPrimitivesTest" time="0.001"/>
  <testcase name="testValidateNotSignedCertificate" classname="org.hyperledger.fabric.sdk.security.CryptoPrimitivesTest" time="0.03"/>
  <testcase name="testSign" classname="org.hyperledger.fabric.sdk.security.CryptoPrimitivesTest" time="0">
    <skipped/>
  </testcase>
  <testcase name="testAddCACertificateToTrustStoreInvalidCertFile" classname="org.hyperledger.fabric.sdk.security.CryptoPrimitivesTest" time="0"/>
  <testcase name="testVerifyBadPlaintext" classname="org.hyperledger.fabric.sdk.security.CryptoPrimitivesTest" time="0.012"/>
  <testcase name="testSignValidData" classname="org.hyperledger.fabric.sdk.security.CryptoPrimitivesTest" time="0.005"/>
  <testcase name="testSetHashAlgorithmBadArg" classname="org.hyperledger.fabric.sdk.security.CryptoPrimitivesTest" time="0.004"/>
  <testcase name="testBytesToCertificateNullBytes" classname="org.hyperledger.fabric.sdk.security.CryptoPrimitivesTest" time="0.001"/>
  <testcase name="testValidateCertificateByteArray" classname="org.hyperledger.fabric.sdk.security.CryptoPrimitivesTest" time="0.009"/>
  <testcase name="testBytesToPrivateKeyPKCS8" classname="org.hyperledger.fabric.sdk.security.CryptoPrimitivesTest" time="0.001"/>
  <testcase name="testAddCACertificateToTrustStoreCertNullAlias" classname="org.hyperledger.fabric.sdk.security.CryptoPrimitivesTest" time="0.001"/>
  <testcase name="testKeyGenBadCrypto" classname="org.hyperledger.fabric.sdk.security.CryptoPrimitivesTest" time="0.002"/>
  <testcase name="testAddCACertificateToTrustStoreCertEmptyAlias" classname="org.hyperledger.fabric.sdk.security.CryptoPrimitivesTest" time="0.001"/>
  <testcase name="testValidateNullCertificateByteArray" classname="org.hyperledger.fabric.sdk.security.CryptoPrimitivesTest" time="0"/>
  <testcase name="testGenerateCertificateRequest" classname="org.hyperledger.fabric.sdk.security.CryptoPrimitivesTest" time="0.003"/>
  <testcase name="testVerifyBadSig" classname="org.hyperledger.fabric.sdk.security.CryptoPrimitivesTest" time="0.022"/>
  <testcase name="testAddCACertificateToTrustStoreEmptyAlias" classname="org.hyperledger.fabric.sdk.security.CryptoPrimitivesTest" time="0"/>
  <testcase name="testBytesToPrivateKey" classname="org.hyperledger.fabric.sdk.security.CryptoPrimitivesTest" time="0"/>
  <testcase name="testSetTrustStoreDuplicateCert" classname="org.hyperledger.fabric.sdk.security.CryptoPrimitivesTest" time="0"/>
  <testcase name="testValidateCertificate" classname="org.hyperledger.fabric.sdk.security.CryptoPrimitivesTest" time="0"/>
  <testcase name="testAddCACertificateToTrustStoreNullAlias" classname="org.hyperledger.fabric.sdk.security.CryptoPrimitivesTest" time="0"/>
  <testcase name="testGetTrustStore" classname="org.hyperledger.fabric.sdk.security.CryptoPrimitivesTest" time="0.004"/>
  <testcase name="testAddCACertificateToTrustStoreBlankAlias" classname="org.hyperledger.fabric.sdk.security.CryptoPrimitivesTest" time="0.001"/>
  <testcase name="testCertificateToDER" classname="org.hyperledger.fabric.sdk.security.CryptoPrimitivesTest" time="0.005"/>
  <testcase name="testSignNullKey" classname="org.hyperledger.fabric.sdk.security.CryptoPrimitivesTest" time="0.001"/>
  <testcase name="testLoadCACertsBytesBadInput" classname="org.hyperledger.fabric.sdk.security.CryptoPrimitivesTest" time="0.001"/>
  <testcase name="testValidateNullCertificate" classname="org.hyperledger.fabric.sdk.security.CryptoPrimitivesTest" time="0.001"/>
  <testcase name="testInitInvalidCertFormat" classname="org.hyperledger.fabric.sdk.security.CryptoPrimitivesTest" time="0.011"/>
  <testcase name="testSetTrustStoreDuplicateCertUsingFile" classname="org.hyperledger.fabric.sdk.security.CryptoPrimitivesTest" time="0"/>
  <testcase name="testHashSHA2" classname="org.hyperledger.fabric.sdk.security.CryptoPrimitivesTest" time="0.011"/>
  <testcase name="testHashSHA3" classname="org.hyperledger.fabric.sdk.security.CryptoPrimitivesTest" time="0"/>
  <testcase name="testAddCACertificateToTrustStoreBadStore" classname="org.hyperledger.fabric.sdk.security.CryptoPrimitivesTest" time="0.006"/>
  <testcase name="testSecurityLevel" classname="org.hyperledger.fabric.sdk.security.CryptoPrimitivesTest" time="0"/>
  <testcase name="testSetTrustStore" classname="org.hyperledger.fabric.sdk.security.CryptoPrimitivesTest" time="0"/>
  <testcase name="testAddCACertificateToTrustStoreNullFile" classname="org.hyperledger.fabric.sdk.security.CryptoPrimitivesTest" time="0"/>
  <testcase name="testValidateInvalidCertificate" classname="org.hyperledger.fabric.sdk.security.CryptoPrimitivesTest" time="0.027"/>
  <testcase name="testSignNullData" classname="org.hyperledger.fabric.sdk.security.CryptoPrimitivesTest" time="0"/>
  <testcase name="testKeyGen" classname="org.hyperledger.fabric.sdk.security.CryptoPrimitivesTest" time="0.001"/>
  <testcase name="testVerifyNullInput" classname="org.hyperledger.fabric.sdk.security.CryptoPrimitivesTest" time="0.001"/>
  <testcase name="testGetSetProperties" classname="org.hyperledger.fabric.sdk.security.CryptoPrimitivesTest" time="0.006"/>
  <testcase name="testVerifyBadCert" classname="org.hyperledger.fabric.sdk.security.CryptoPrimitivesTest" time="0.01"/>
  <testcase name="testVerify" classname="org.hyperledger.fabric.sdk.security.CryptoPrimitivesTest" time="0.013"/>
  <testcase name="testGetTrustStoreEntries" classname="org.hyperledger.fabric.sdk.security.CryptoPrimitivesTest" time="0.001"/>
</testsuite>